<?xml version="1.0" encoding="UTF-8"?>
<!-- Generated by org.testng.reporters.JUnitReportReporter -->
<testsuite hostname="LAPTOP-4BNTH8JI" name="com.crm.campaignTest.CampTest" tests="1" failures="0" timestamp="2 Apr 2019 09:36:26 GMT" time="26.122" errors="0">
  <testcase name="createcampTest" time="26.122" classname="com.crm.campaignTest.CampTest"/>
</testsuite> <!-- com.crm.campaignTest.CampTest -->
