<?xml version="1.0" encoding="UTF-8"?>
<!-- Generated by org.testng.reporters.JUnitReportReporter -->
<testsuite hostname="LAPTOP-4BNTH8JI" name="com.crm.organizationtest.OrganizationTest" tests="1" failures="0" timestamp="3 Apr 2019 08:38:16 GMT" time="17.238" errors="0">
  <testcase name="createOrganizationTest" time="17.238" classname="com.crm.organizationtest.OrganizationTest"/>
</testsuite> <!-- com.crm.organizationtest.OrganizationTest -->
