<?xml version="1.0" encoding="UTF-8"?>
<!-- Generated by org.testng.reporters.JUnitReportReporter -->
<testsuite hostname="KISHAN" failures="1" tests="1" name="com.crm.campaignTest.CampTest$campaignTest" time="0.006" errors="0" timestamp="1 Apr 2019 09:24:24 GMT">
  <testcase classname="com.crm.campaignTest.CampTest$campaignTest" name="createcampTest" time="0.006">
    <failure message="Failed to connect to binary FirefoxBinary(C:\Program Files\Mozilla Firefox\firefox.exe) on port 7055; process output follows: 
aging&quot;,&quot;webRequest&quot;,&quot;storage&quot;],&quot;origins&quot;:[&quot;&lt;all_urls&gt;&quot;,&quot;http://*/*&quot;,&quot;https://*/*&quot;]},&quot;icons&quot;:{&quot;128&quot;:&quot;images/webadvisor.png&quot;},&quot;iconURL&quot;:null,&quot;icon64URL&quot;:null,&quot;blocklistState&quot;:0,&quot;blocklistURL&quot;:null,&quot;startupData&quot;:null,&quot;hidden&quot;:false,&quot;location&quot;:&quot;winreg-app-global&quot;}
1554110619988	addons.xpi-utils	DEBUG	Updating add-on states
1554110619990	addons.xpi	DEBUG	Registering manifest for C:\Program Files\Mozilla Firefox\browser\features\aushelper@mozilla.org.xpi
1554110619991	addons.xpi	DEBUG	Calling bootstrap method startup on aushelper@mozilla.org version 2.0
1554110619993	addons.xpi	DEBUG	Registering manifest for C:\Program Files\Mozilla Firefox\browser\features\firefox@getpocket.com.xpi
1554110619993	addons.xpi	DEBUG	Calling bootstrap method startup on firefox@getpocket.com version 1.0.5
1554110620002	addons.xpi	DEBUG	Calling bootstrap method startup on formautofill@mozilla.org version 1.0
1554110620003	addons.xpi	DEBUG	Registering manifest for C:\Program Files\Mozilla Firefox\browser\features\onboarding@mozilla.org.xpi
1554110620004	addons.xpi	DEBUG	Calling bootstrap method startup on onboarding@mozilla.org version 1.0
1554110620004	addons.xpi	DEBUG	Registering manifest for C:\Program Files\Mozilla Firefox\browser\features\screenshots@mozilla.org.xpi
1554110620005	addons.xpi	DEBUG	Calling bootstrap method startup on screenshots@mozilla.org version 33.0.0
1554110620005	addons.xpi	DEBUG	Registering manifest for C:\Program Files\Mozilla Firefox\browser\features\webcompat-reporter@mozilla.org.xpi
1554110620006	addons.xpi	DEBUG	Calling bootstrap method startup on webcompat-reporter@mozilla.org version 1.0.0
1554110620006	addons.xpi	DEBUG	Registering manifest for C:\Program Files\Mozilla Firefox\browser\features\webcompat@mozilla.org.xpi
1554110620008	addons.xpi	DEBUG	Calling bootstrap method startup on webcompat@mozilla.org version 2.0.1
1554110620010	addons.manager	DEBUG	Registering shutdown blocker for XPIProvider
1554110620011	addons.manager	DEBUG	Provider finished startup: XPIProvider
1554110620011	addons.manager	DEBUG	Starting provider: LightweightThemeManager
1554110620011	addons.manager	DEBUG	Registering shutdown blocker for LightweightThemeManager
1554110620012	addons.manager	DEBUG	Provider finished startup: LightweightThemeManager
1554110620012	addons.manager	DEBUG	Starting provider: GMPProvider
1554110620015	addons.manager	DEBUG	Registering shutdown blocker for GMPProvider
1554110620016	addons.manager	DEBUG	Provider finished startup: GMPProvider
1554110620016	addons.manager	DEBUG	Starting provider: PluginProvider
1554110620016	addons.manager	DEBUG	Registering shutdown blocker for PluginProvider
1554110620016	addons.manager	DEBUG	Provider finished startup: PluginProvider
1554110620022	addons.manager	DEBUG	Completed startup sequence
1554110621677	addons.repository	DEBUG	No addons.json found.
1554110622934	addons.manager	DEBUG	Registering upgrade listener for formautofill@mozilla.org
1554110623022	addons.xpi	DEBUG	Ignoring file: name is not a valid add-on ID: C:\Users\kishan\AppData\Local\Temp\anonymous5363373907427852810webdriver-profile\extensions\webdriver-staging
1554110623023	addons.xpi	DEBUG	Existing add-on aushelper@mozilla.org in app-system-defaults
1554110623023	addons.xpi	DEBUG	Existing add-on firefox@getpocket.com in app-system-defaults
1554110623023	addons.xpi	DEBUG	Existing add-on formautofill@mozilla.org in app-system-defaults
1554110623023	addons.xpi	DEBUG	Existing add-on onboarding@mozilla.org in app-system-defaults
1554110623024	addons.xpi	DEBUG	Existing add-on screenshots@mozilla.org in app-system-defaults
1554110623024	addons.xpi	DEBUG	Existing add-on webcompat-reporter@mozilla.org in app-system-defaults
1554110623024	addons.xpi	DEBUG	Existing add-on webcompat@mozilla.org in app-system-defaults
1554110623025	addons.xpi	DEBUG	Existing add-on {4ED1F68A-5463-4931-9384-8FFF5ED91D92} in winreg-app-global
1554110623025	addons.xpi	DEBUG	scanForChanges changed: false, state: {}
JavaScript error: resource://gre/modules/addons/XPIProvider.jsm, line 2600: TypeError: addon is null

Build info: version: &#039;2.53.1&#039;, revision: &#039;a36b8b1cd5757287168e54b817830adce9b0158d&#039;, time: &#039;2016-06-30 19:26:09&#039;
System info: host: &#039;KISHAN&#039;, ip: &#039;192.168.43.125&#039;, os.name: &#039;Windows 8.1&#039;, os.arch: &#039;amd64&#039;, os.version: &#039;6.3&#039;, java.version: &#039;11.0.1&#039;
Driver info: driver.version: FirefoxDriver" type="org.openqa.selenium.WebDriverException">
      <![CDATA[org.openqa.selenium.WebDriverException: Failed to connect to binary FirefoxBinary(C:\Program Files\Mozilla Firefox\firefox.exe) on port 7055; process output follows: 
aging","webRequest","storage"],"origins":["<all_urls>","http://*/*","https://*/*"]},"icons":{"128":"images/webadvisor.png"},"iconURL":null,"icon64URL":null,"blocklistState":0,"blocklistURL":null,"startupData":null,"hidden":false,"location":"winreg-app-global"}
1554110619988	addons.xpi-utils	DEBUG	Updating add-on states
1554110619990	addons.xpi	DEBUG	Registering manifest for C:\Program Files\Mozilla Firefox\browser\features\aushelper@mozilla.org.xpi
1554110619991	addons.xpi	DEBUG	Calling bootstrap method startup on aushelper@mozilla.org version 2.0
1554110619993	addons.xpi	DEBUG	Registering manifest for C:\Program Files\Mozilla Firefox\browser\features\firefox@getpocket.com.xpi
1554110619993	addons.xpi	DEBUG	Calling bootstrap method startup on firefox@getpocket.com version 1.0.5
1554110620002	addons.xpi	DEBUG	Calling bootstrap method startup on formautofill@mozilla.org version 1.0
1554110620003	addons.xpi	DEBUG	Registering manifest for C:\Program Files\Mozilla Firefox\browser\features\onboarding@mozilla.org.xpi
1554110620004	addons.xpi	DEBUG	Calling bootstrap method startup on onboarding@mozilla.org version 1.0
1554110620004	addons.xpi	DEBUG	Registering manifest for C:\Program Files\Mozilla Firefox\browser\features\screenshots@mozilla.org.xpi
1554110620005	addons.xpi	DEBUG	Calling bootstrap method startup on screenshots@mozilla.org version 33.0.0
1554110620005	addons.xpi	DEBUG	Registering manifest for C:\Program Files\Mozilla Firefox\browser\features\webcompat-reporter@mozilla.org.xpi
1554110620006	addons.xpi	DEBUG	Calling bootstrap method startup on webcompat-reporter@mozilla.org version 1.0.0
1554110620006	addons.xpi	DEBUG	Registering manifest for C:\Program Files\Mozilla Firefox\browser\features\webcompat@mozilla.org.xpi
1554110620008	addons.xpi	DEBUG	Calling bootstrap method startup on webcompat@mozilla.org version 2.0.1
1554110620010	addons.manager	DEBUG	Registering shutdown blocker for XPIProvider
1554110620011	addons.manager	DEBUG	Provider finished startup: XPIProvider
1554110620011	addons.manager	DEBUG	Starting provider: LightweightThemeManager
1554110620011	addons.manager	DEBUG	Registering shutdown blocker for LightweightThemeManager
1554110620012	addons.manager	DEBUG	Provider finished startup: LightweightThemeManager
1554110620012	addons.manager	DEBUG	Starting provider: GMPProvider
1554110620015	addons.manager	DEBUG	Registering shutdown blocker for GMPProvider
1554110620016	addons.manager	DEBUG	Provider finished startup: GMPProvider
1554110620016	addons.manager	DEBUG	Starting provider: PluginProvider
1554110620016	addons.manager	DEBUG	Registering shutdown blocker for PluginProvider
1554110620016	addons.manager	DEBUG	Provider finished startup: PluginProvider
1554110620022	addons.manager	DEBUG	Completed startup sequence
1554110621677	addons.repository	DEBUG	No addons.json found.
1554110622934	addons.manager	DEBUG	Registering upgrade listener for formautofill@mozilla.org
1554110623022	addons.xpi	DEBUG	Ignoring file: name is not a valid add-on ID: C:\Users\kishan\AppData\Local\Temp\anonymous5363373907427852810webdriver-profile\extensions\webdriver-staging
1554110623023	addons.xpi	DEBUG	Existing add-on aushelper@mozilla.org in app-system-defaults
1554110623023	addons.xpi	DEBUG	Existing add-on firefox@getpocket.com in app-system-defaults
1554110623023	addons.xpi	DEBUG	Existing add-on formautofill@mozilla.org in app-system-defaults
1554110623023	addons.xpi	DEBUG	Existing add-on onboarding@mozilla.org in app-system-defaults
1554110623024	addons.xpi	DEBUG	Existing add-on screenshots@mozilla.org in app-system-defaults
1554110623024	addons.xpi	DEBUG	Existing add-on webcompat-reporter@mozilla.org in app-system-defaults
1554110623024	addons.xpi	DEBUG	Existing add-on webcompat@mozilla.org in app-system-defaults
1554110623025	addons.xpi	DEBUG	Existing add-on {4ED1F68A-5463-4931-9384-8FFF5ED91D92} in winreg-app-global
1554110623025	addons.xpi	DEBUG	scanForChanges changed: false, state: {}
JavaScript error: resource://gre/modules/addons/XPIProvider.jsm, line 2600: TypeError: addon is null

Build info: version: '2.53.1', revision: 'a36b8b1cd5757287168e54b817830adce9b0158d', time: '2016-06-30 19:26:09'
System info: host: 'KISHAN', ip: '192.168.43.125', os.name: 'Windows 8.1', os.arch: 'amd64', os.version: '6.3', java.version: '11.0.1'
Driver info: driver.version: FirefoxDriver
	at org.openqa.selenium.firefox.internal.NewProfileExtensionConnection.start(NewProfileExtensionConnection.java:125)
	at org.openqa.selenium.firefox.FirefoxDriver.startClient(FirefoxDriver.java:271)
	at org.openqa.selenium.remote.RemoteWebDriver.<init>(RemoteWebDriver.java:119)
	at org.openqa.selenium.firefox.FirefoxDriver.<init>(FirefoxDriver.java:216)
	at org.openqa.selenium.firefox.FirefoxDriver.<init>(FirefoxDriver.java:211)
	at org.openqa.selenium.firefox.FirefoxDriver.<init>(FirefoxDriver.java:207)
	at org.openqa.selenium.firefox.FirefoxDriver.<init>(FirefoxDriver.java:120)
	at com.crm.commonLib.BaseClass.configBc(BaseClass.java:51)
	at java.base/jdk.internal.reflect.NativeMethodAccessorImpl.invoke0(Native Method)
	at java.base/jdk.internal.reflect.NativeMethodAccessorImpl.invoke(NativeMethodAccessorImpl.java:62)
	at java.base/jdk.internal.reflect.DelegatingMethodAccessorImpl.invoke(DelegatingMethodAccessorImpl.java:43)
	at java.base/java.lang.reflect.Method.invoke(Method.java:566)
	at org.testng.internal.MethodInvocationHelper.invokeMethod(MethodInvocationHelper.java:80)
	at org.testng.internal.Invoker.invokeConfigurationMethod(Invoker.java:564)
	at org.testng.internal.Invoker.invokeConfigurations(Invoker.java:213)
	at org.testng.internal.Invoker.invokeConfigurations(Invoker.java:138)
	at org.testng.internal.TestMethodWorker.invokeBeforeClassMethods(TestMethodWorker.java:175)
	at org.testng.internal.TestMethodWorker.run(TestMethodWorker.java:107)
	at org.testng.TestRunner.privateRun(TestRunner.java:767)
	at org.testng.TestRunner.run(TestRunner.java:617)
	at org.testng.SuiteRunner.runTest(SuiteRunner.java:334)
	at org.testng.SuiteRunner.runSequentially(SuiteRunner.java:329)
	at org.testng.SuiteRunner.privateRun(SuiteRunner.java:291)
	at org.testng.SuiteRunner.run(SuiteRunner.java:240)
	at org.testng.SuiteRunnerWorker.runSuite(SuiteRunnerWorker.java:52)
	at org.testng.SuiteRunnerWorker.run(SuiteRunnerWorker.java:86)
	at org.testng.TestNG.runSuitesSequentially(TestNG.java:1198)
	at org.testng.TestNG.runSuitesLocally(TestNG.java:1123)
	at org.testng.TestNG.run(TestNG.java:1031)
	at org.testng.remote.AbstractRemoteTestNG.run(AbstractRemoteTestNG.java:115)
	at org.testng.remote.RemoteTestNG.initAndRun(RemoteTestNG.java:251)
	at org.testng.remote.RemoteTestNG.main(RemoteTestNG.java:77)
Caused by: org.openqa.selenium.firefox.NotConnectedException: Unable to connect to host 127.0.0.1 on port 7055 after 45000 ms. Firefox console output:
aging","webRequest","storage"],"origins":["<all_urls>","http://*/*","https://*/*"]},"icons":{"128":"images/webadvisor.png"},"iconURL":null,"icon64URL":null,"blocklistState":0,"blocklistURL":null,"startupData":null,"hidden":false,"location":"winreg-app-global"}
1554110619988	addons.xpi-utils	DEBUG	Updating add-on states
1554110619990	addons.xpi	DEBUG	Registering manifest for C:\Program Files\Mozilla Firefox\browser\features\aushelper@mozilla.org.xpi
1554110619991	addons.xpi	DEBUG	Calling bootstrap method startup on aushelper@mozilla.org version 2.0
1554110619993	addons.xpi	DEBUG	Registering manifest for C:\Program Files\Mozilla Firefox\browser\features\firefox@getpocket.com.xpi
1554110619993	addons.xpi	DEBUG	Calling bootstrap method startup on firefox@getpocket.com version 1.0.5
1554110620002	addons.xpi	DEBUG	Calling bootstrap method startup on formautofill@mozilla.org version 1.0
1554110620003	addons.xpi	DEBUG	Registering manifest for C:\Program Files\Mozilla Firefox\browser\features\onboarding@mozilla.org.xpi
1554110620004	addons.xpi	DEBUG	Calling bootstrap method startup on onboarding@mozilla.org version 1.0
1554110620004	addons.xpi	DEBUG	Registering manifest for C:\Program Files\Mozilla Firefox\browser\features\screenshots@mozilla.org.xpi
1554110620005	addons.xpi	DEBUG	Calling bootstrap method startup on screenshots@mozilla.org version 33.0.0
1554110620005	addons.xpi	DEBUG	Registering manifest for C:\Program Files\Mozilla Firefox\browser\features\webcompat-reporter@mozilla.org.xpi
1554110620006	addons.xpi	DEBUG	Calling bootstrap method startup on webcompat-reporter@mozilla.org version 1.0.0
1554110620006	addons.xpi	DEBUG	Registering manifest for C:\Program Files\Mozilla Firefox\browser\features\webcompat@mozilla.org.xpi
1554110620008	addons.xpi	DEBUG	Calling bootstrap method startup on webcompat@mozilla.org version 2.0.1
1554110620010	addons.manager	DEBUG	Registering shutdown blocker for XPIProvider
1554110620011	addons.manager	DEBUG	Provider finished startup: XPIProvider
1554110620011	addons.manager	DEBUG	Starting provider: LightweightThemeManager
1554110620011	addons.manager	DEBUG	Registering shutdown blocker for LightweightThemeManager
1554110620012	addons.manager	DEBUG	Provider finished startup: LightweightThemeManager
1554110620012	addons.manager	DEBUG	Starting provider: GMPProvider
1554110620015	addons.manager	DEBUG	Registering shutdown blocker for GMPProvider
1554110620016	addons.manager	DEBUG	Provider finished startup: GMPProvider
1554110620016	addons.manager	DEBUG	Starting provider: PluginProvider
1554110620016	addons.manager	DEBUG	Registering shutdown blocker for PluginProvider
1554110620016	addons.manager	DEBUG	Provider finished startup: PluginProvider
1554110620022	addons.manager	DEBUG	Completed startup sequence
1554110621677	addons.repository	DEBUG	No addons.json found.
1554110622934	addons.manager	DEBUG	Registering upgrade listener for formautofill@mozilla.org
1554110623022	addons.xpi	DEBUG	Ignoring file: name is not a valid add-on ID: C:\Users\kishan\AppData\Local\Temp\anonymous5363373907427852810webdriver-profile\extensions\webdriver-staging
1554110623023	addons.xpi	DEBUG	Existing add-on aushelper@mozilla.org in app-system-defaults
1554110623023	addons.xpi	DEBUG	Existing add-on firefox@getpocket.com in app-system-defaults
1554110623023	addons.xpi	DEBUG	Existing add-on formautofill@mozilla.org in app-system-defaults
1554110623023	addons.xpi	DEBUG	Existing add-on onboarding@mozilla.org in app-system-defaults
1554110623024	addons.xpi	DEBUG	Existing add-on screenshots@mozilla.org in app-system-defaults
1554110623024	addons.xpi	DEBUG	Existing add-on webcompat-reporter@mozilla.org in app-system-defaults
1554110623024	addons.xpi	DEBUG	Existing add-on webcompat@mozilla.org in app-system-defaults
1554110623025	addons.xpi	DEBUG	Existing add-on {4ED1F68A-5463-4931-9384-8FFF5ED91D92} in winreg-app-global
1554110623025	addons.xpi	DEBUG	scanForChanges changed: false, state: {}
JavaScript error: resource://gre/modules/addons/XPIProvider.jsm, line 2600: TypeError: addon is null

	at org.openqa.selenium.firefox.internal.NewProfileExtensionConnection.start(NewProfileExtensionConnection.java:113)
	... 31 more
]]>
    </failure>
  </testcase> <!-- createcampTest -->
</testsuite> <!-- com.crm.campaignTest.CampTest$campaignTest -->
