<?xml version="1.0" encoding="UTF-8"?>
<!-- Generated by org.testng.reporters.JUnitReportReporter -->
<testsuite hostname="LAPTOP-4BNTH8JI" name="com.crm.organizationtest.OrganizationTest" tests="1" failures="0" timestamp="2 Apr 2019 11:16:24 GMT" time="19.061" errors="0">
  <testcase name="createOrganizationTest" time="19.061" classname="com.crm.organizationtest.OrganizationTest"/>
</testsuite> <!-- com.crm.organizationtest.OrganizationTest -->
