<?xml version="1.0" encoding="UTF-8"?>
<!-- Generated by org.testng.reporters.JUnitReportReporter -->
<testsuite hostname="LAPTOP-4BNTH8JI" name="com.crm.organizationtest.OrganizationTest" tests="1" failures="0" timestamp="3 Apr 2019 11:06:46 GMT" time="12.082" errors="0">
  <testcase name="createOrganizationTest" time="12.082" classname="com.crm.organizationtest.OrganizationTest"/>
</testsuite> <!-- com.crm.organizationtest.OrganizationTest -->
