<?xml version="1.0" encoding="UTF-8"?>
<!-- Generated by org.testng.reporters.JUnitReportReporter -->
<testsuite hostname="LAPTOP-J9U26OEB" name="com.crm.campaignTest.CampTest" tests="1" failures="0" timestamp="2 Apr 2019 06:44:47 GMT" time="39.913" errors="0">
  <testcase name="createcampTest" time="39.913" classname="com.crm.campaignTest.CampTest"/>
</testsuite> <!-- com.crm.campaignTest.CampTest -->
